2015/01/06 23:31:13 [error] [exception.CHttpException.404] exception 'CHttpException' with message 'Unable to resolve the request "gii".' in E:\xamppNew\htdocs\yii\framework\web\CWebApplication.php:286
Stack trace:
#0 E:\xamppNew\htdocs\yii\framework\web\CWebApplication.php(141): CWebApplication->runController('gii')
#1 E:\xamppNew\htdocs\yii\framework\base\CApplication.php(180): CWebApplication->processRequest()
#2 E:\xamppNew\htdocs\Tawhid\index.php(13): CApplication->run()
#3 {main}
REQUEST_URI=/Tawhid/index.php?r=gii
---
2015/01/06 23:33:52 [error] [exception.CDbException] exception 'CDbException' with message 'CDbConnection failed to open the DB connection: SQLSTATE[HY000] [1049] Unknown database 'dalinker'' in E:\xamppNew\htdocs\yii\framework\db\CDbConnection.php:382
Stack trace:
#0 E:\xamppNew\htdocs\yii\framework\db\CDbConnection.php(330): CDbConnection->open()
#1 E:\xamppNew\htdocs\yii\framework\db\CDbConnection.php(308): CDbConnection->setActive(true)
#2 E:\xamppNew\htdocs\yii\framework\base\CModule.php(387): CDbConnection->init()
#3 E:\xamppNew\htdocs\yii\framework\base\CModule.php(103): CModule->getComponent('db')
#4 E:\xamppNew\htdocs\yii\framework\gii\generators\crud\CrudCode.php(44): CModule->__get('db')
#5 E:\xamppNew\htdocs\yii\framework\web\CFormModel.php(39): CrudCode->init()
#6 E:\xamppNew\htdocs\yii\framework\gii\CCodeGenerator.php(153): CFormModel->__construct()
#7 E:\xamppNew\htdocs\yii\framework\gii\CCodeGenerator.php(63): CCodeGenerator->prepare()
#8 E:\xamppNew\htdocs\yii\framework\web\actions\CInlineAction.php(49): CCodeGenerator->actionIndex()
#9 E:\xamppNew\htdocs\yii\framework\web\CController.php(308): CInlineAction->runWithParams(Array)
#10 E:\xamppNew\htdocs\yii\framework\web\CController.php(286): CController->runAction(Object(CInlineAction))
#11 E:\xamppNew\htdocs\yii\framework\web\CController.php(265): CController->runActionWithFilters(Object(CInlineAction), Array)
#12 E:\xamppNew\htdocs\yii\framework\web\CWebApplication.php(282): CController->run('index')
#13 E:\xamppNew\htdocs\yii\framework\web\CWebApplication.php(141): CWebApplication->runController('gii/crud/index')
#14 E:\xamppNew\htdocs\yii\framework\base\CApplication.php(180): CWebApplication->processRequest()
#15 E:\xamppNew\htdocs\Tawhid\index.php(13): CApplication->run()
#16 {main}
REQUEST_URI=/Tawhid/index.php?r=gii/crud/index
HTTP_REFERER=http://localhost:8888/Tawhid/index.php?r=gii/default/index
---
